<?xml version="1.0" encoding="UTF-8"?>
<testng-results skipped="0" failed="0" ignored="0" total="1" passed="1">
  <reporter-output>
  </reporter-output>
  <suite name="Default suite" duration-ms="71" started-at="2019-06-15T06:47:15Z" finished-at="2019-06-15T06:47:15Z">
    <groups>
    </groups>
    <test name="Default test" duration-ms="71" started-at="2019-06-15T06:47:15Z" finished-at="2019-06-15T06:47:15Z">
      <class name="com.exam.Q1_JunitToTestNG.Q1JunitToTestNgApplicationTests">
        <test-method status="PASS" signature="contextLoads()[pri:0, instance:com.exam.Q1_JunitToTestNG.Q1JunitToTestNgApplicationTests@2286778]" name="contextLoads" duration-ms="13" started-at="2019-06-15T06:47:15Z" finished-at="2019-06-15T06:47:15Z">
          <reporter-output>
          </reporter-output>
        </test-method> <!-- contextLoads -->
      </class> <!-- com.exam.Q1_JunitToTestNG.Q1JunitToTestNgApplicationTests -->
    </test> <!-- Default test -->
  </suite> <!-- Default suite -->
</testng-results>
